Build started 12/3/2015 2:19:35 PM.
     1>Project "C:\Users\jbonino\Dropbox\School\CS495Video\PG3\PG3\PG3.vcxproj" on node 2 (Build target(s)).
     1>ClCompile:
         C:\Program Files (x86)\Microsoft Visual Studio 11.0\VC\bin\CL.exe /c /ZI /nologo /W2 /WX- /Od /Oy- /D _MBCS /Gm /EHsc /RTC1 /MDd /GS /fp:precise /Zc:wchar_t /Zc:forScope /Fo"Debug\\" /Fd"Debug\vc110.pdb" /Gd /TP /analyze- /errorReport:prompt PG3.cpp
         PG3.cpp
     1>c:\users\jbonino\dropbox\school\cs495video\pg3\pg3\pg3.h(20): warning C4005: 'PI' : macro redefinition
                 c:\users\jbonino\dropbox\school\cs495video\pg3\pg3\glquaternion.h(13) : see previous definition of 'PI'
     1>c:\users\jbonino\dropbox\school\cs495video\pg3\pg3\pg3.cpp(108): warning C4244: 'argument' : conversion from 'int' to 'GLfloat', possible loss of data
     1>c:\users\jbonino\dropbox\school\cs495video\pg3\pg3\pg3.cpp(112): warning C4305: 'argument' : truncation from 'double' to 'GLfloat'
     1>c:\users\jbonino\dropbox\school\cs495video\pg3\pg3\pg3.cpp(113): warning C4305: 'argument' : truncation from 'double' to 'GLfloat'
     1>c:\users\jbonino\dropbox\school\cs495video\pg3\pg3\pg3.cpp(114): warning C4305: 'argument' : truncation from 'double' to 'GLfloat'
     1>c:\users\jbonino\dropbox\school\cs495video\pg3\pg3\pg3.cpp(115): warning C4305: 'argument' : truncation from 'double' to 'GLfloat'
       Link:
         C:\Program Files (x86)\Microsoft Visual Studio 11.0\VC\bin\link.exe /ERRORREPORT:PROMPT /OUT:"C:\Users\jbonino\Dropbox\School\CS495Video\PG3\Debug\PG3.exe" /INCREMENTAL /NOLOGO SDL2.lib SDL2main.lib SDL2_image.lib SDL2_mixer.lib opengl32.lib glu32.lib kernel32.lib user32.lib gdi32.lib winspool.lib comdlg32.lib advapi32.lib shell32.lib ole32.lib oleaut32.lib uuid.lib odbc32.lib odbccp32.lib /MANIFEST /MANIFESTUAC:"level='asInvoker' uiAccess='false'" /manifest:embed /DEBUG /PDB:"C:\Users\jbonino\Dropbox\School\CS495Video\PG3\Debug\PG3.pdb" /SUBSYSTEM:CONSOLE /TLBID:1 /DYNAMICBASE /NXCOMPAT /IMPLIB:"C:\Users\jbonino\Dropbox\School\CS495Video\PG3\Debug\PG3.lib" /MACHINE:X86 Debug\glQuaternion.obj
         Debug\PG3.obj
         Debug\picinfo.obj
         PG3.vcxproj -> C:\Users\jbonino\Dropbox\School\CS495Video\PG3\Debug\PG3.exe
     1>Done Building Project "C:\Users\jbonino\Dropbox\School\CS495Video\PG3\PG3\PG3.vcxproj" (Build target(s)).

Build succeeded.

Time Elapsed 00:00:01.85
